{"/home/matisse/GitHub/Human-Vector-Biome/src/config.ts": {"path":"/home/matisse/GitHub/Human-Vector-Biome/src/config.ts","statementMap":{"0":{"start":{"line":8,"column":20},"end":{"line":8,"column":null}},"1":{"start":{"line":10,"column":44},"end":{"line":25,"column":null}},"2":{"start":{"line":32,"column":2},"end":{"line":40,"column":null}},"3":{"start":{"line":33,"column":4},"end":{"line":37,"column":null}},"4":{"start":{"line":34,"column":18},"end":{"line":34,"column":null}},"5":{"start":{"line":35,"column":20},"end":{"line":35,"column":null}},"6":{"start":{"line":36,"column":6},"end":{"line":36,"column":null}},"7":{"start":{"line":39,"column":4},"end":{"line":39,"column":null}},"8":{"start":{"line":41,"column":2},"end":{"line":41,"column":null}},"9":{"start":{"line":45,"column":2},"end":{"line":49,"column":null}},"10":{"start":{"line":46,"column":4},"end":{"line":46,"column":null}},"11":{"start":{"line":48,"column":4},"end":{"line":48,"column":null}},"12":{"start":{"line":54,"column":36},"end":{"line":54,"column":null}},"13":{"start":{"line":62,"column":2},"end":{"line":64,"column":null}},"14":{"start":{"line":63,"column":4},"end":{"line":63,"column":null}},"15":{"start":{"line":67,"column":2},"end":{"line":103,"column":null}},"16":{"start":{"line":68,"column":20},"end":{"line":68,"column":null}},"17":{"start":{"line":70,"column":4},"end":{"line":72,"column":null}},"18":{"start":{"line":71,"column":6},"end":{"line":71,"column":null}},"19":{"start":{"line":75,"column":24},"end":{"line":75,"column":null}},"20":{"start":{"line":76,"column":31},"end":{"line":76,"column":null}},"21":{"start":{"line":78,"column":4},"end":{"line":91,"column":null}},"22":{"start":{"line":79,"column":6},"end":{"line":82,"column":null}},"23":{"start":{"line":80,"column":8},"end":{"line":80,"column":null}},"24":{"start":{"line":81,"column":8},"end":{"line":81,"column":null}},"25":{"start":{"line":83,"column":6},"end":{"line":88,"column":null}},"26":{"start":{"line":84,"column":8},"end":{"line":87,"column":null}},"27":{"start":{"line":90,"column":6},"end":{"line":90,"column":null}},"28":{"start":{"line":93,"column":4},"end":{"line":93,"column":null}},"29":{"start":{"line":94,"column":4},"end":{"line":94,"column":null}},"30":{"start":{"line":96,"column":4},"end":{"line":96,"column":null}},"31":{"start":{"line":98,"column":4},"end":{"line":102,"column":null}}},"fnMap":{"0":{"name":"loadConfig","decl":{"start":{"line":31,"column":9},"end":{"line":31,"column":36}},"loc":{"start":{"line":31,"column":36},"end":{"line":42,"column":null}},"line":31},"1":{"name":"saveConfig","decl":{"start":{"line":44,"column":9},"end":{"line":44,"column":20}},"loc":{"start":{"line":44,"column":45},"end":{"line":50,"column":null}},"line":44},"2":{"name":"registerSettingsRoutes","decl":{"start":{"line":60,"column":16},"end":{"line":60,"column":39}},"loc":{"start":{"line":60,"column":83},"end":{"line":104,"column":null}},"line":60},"3":{"name":"(anonymous_3)","decl":{"start":{"line":62,"column":10},"end":{"line":62,"column":28}},"loc":{"start":{"line":62,"column":61},"end":{"line":64,"column":3}},"line":62},"4":{"name":"(anonymous_4)","decl":{"start":{"line":67,"column":11},"end":{"line":67,"column":29}},"loc":{"start":{"line":67,"column":61},"end":{"line":103,"column":3}},"line":67}},"branchMap":{"0":{"loc":{"start":{"line":33,"column":4},"end":{"line":37,"column":null}},"type":"if","locations":[{"start":{"line":33,"column":4},"end":{"line":37,"column":null}},{"start":{},"end":{}}],"line":33},"1":{"loc":{"start":{"line":70,"column":4},"end":{"line":72,"column":null}},"type":"if","locations":[{"start":{"line":70,"column":4},"end":{"line":72,"column":null}},{"start":{},"end":{}}],"line":70},"2":{"loc":{"start":{"line":70,"column":8},"end":{"line":70,"column":75}},"type":"binary-expr","locations":[{"start":{"line":70,"column":8},"end":{"line":70,"column":20}},{"start":{"line":70,"column":20},"end":{"line":70,"column":51}},{"start":{"line":70,"column":51},"end":{"line":70,"column":75}}],"line":70},"3":{"loc":{"start":{"line":79,"column":6},"end":{"line":82,"column":null}},"type":"if","locations":[{"start":{"line":79,"column":6},"end":{"line":82,"column":null}},{"start":{},"end":{}}],"line":79},"4":{"loc":{"start":{"line":83,"column":6},"end":{"line":88,"column":null}},"type":"if","locations":[{"start":{"line":83,"column":6},"end":{"line":88,"column":null}},{"start":{},"end":{}}],"line":83},"5":{"loc":{"start":{"line":83,"column":10},"end":{"line":83,"column":53}},"type":"binary-expr","locations":[{"start":{"line":83,"column":10},"end":{"line":83,"column":39}},{"start":{"line":83,"column":39},"end":{"line":83,"column":53}}],"line":83},"6":{"loc":{"start":{"line":101,"column":10},"end":{"line":101,"column":null}},"type":"cond-expr","locations":[{"start":{"line":101,"column":28},"end":{"line":101,"column":63}},{"start":{"line":101,"column":63},"end":{"line":101,"column":null}}],"line":101}},"s":{"0":2,"1":2,"2":2,"3":2,"4":2,"5":2,"6":2,"7":0,"8":0,"9":7,"10":7,"11":0,"12":2,"13":2,"14":5,"15":2,"16":12,"17":12,"18":1,"19":11,"20":11,"21":11,"22":14,"23":2,"24":2,"25":12,"26":4,"27":8,"28":7,"29":7,"30":7,"31":7},"f":{"0":2,"1":7,"2":2,"3":5,"4":12},"b":{"0":[2,0],"1":[1,11],"2":[12,12,12],"3":[2,12],"4":[4,8],"5":[12,8],"6":[2,5]},"meta":{"lastBranch":7,"lastFunction":5,"lastStatement":32,"seen":{"s:8:20:8:Infinity":0,"s:10:44:25:Infinity":1,"f:31:9:31:36":0,"s:32:2:40:Infinity":2,"b:33:4:37:Infinity:undefined:undefined:undefined:undefined":0,"s:33:4:37:Infinity":3,"s:34:18:34:Infinity":4,"s:35:20:35:Infinity":5,"s:36:6:36:Infinity":6,"s:39:4:39:Infinity":7,"s:41:2:41:Infinity":8,"f:44:9:44:20":1,"s:45:2:49:Infinity":9,"s:46:4:46:Infinity":10,"s:48:4:48:Infinity":11,"s:54:36:54:Infinity":12,"f:60:16:60:39":2,"s:62:2:64:Infinity":13,"f:62:10:62:28":3,"s:63:4:63:Infinity":14,"s:67:2:103:Infinity":15,"f:67:11:67:29":4,"s:68:20:68:Infinity":16,"b:70:4:72:Infinity:undefined:undefined:undefined:undefined":1,"s:70:4:72:Infinity":17,"b:70:8:70:20:70:20:70:51:70:51:70:75":2,"s:71:6:71:Infinity":18,"s:75:24:75:Infinity":19,"s:76:31:76:Infinity":20,"s:78:4:91:Infinity":21,"b:79:6:82:Infinity:undefined:undefined:undefined:undefined":3,"s:79:6:82:Infinity":22,"s:80:8:80:Infinity":23,"s:81:8:81:Infinity":24,"b:83:6:88:Infinity:undefined:undefined:undefined:undefined":4,"s:83:6:88:Infinity":25,"b:83:10:83:39:83:39:83:53":5,"s:84:8:87:Infinity":26,"s:90:6:90:Infinity":27,"s:93:4:93:Infinity":28,"s:94:4:94:Infinity":29,"s:96:4:96:Infinity":30,"s:98:4:102:Infinity":31,"b:101:28:101:63:101:63:101:Infinity":6}}}
,"/home/matisse/GitHub/Human-Vector-Biome/src/recognizer.ts": {"path":"/home/matisse/GitHub/Human-Vector-Biome/src/recognizer.ts","statementMap":{"0":{"start":{"line":6,"column":4},"end":{"line":10,"column":null}},"1":{"start":{"line":15,"column":17},"end":{"line":15,"column":null}},"2":{"start":{"line":16,"column":22},"end":{"line":16,"column":null}},"3":{"start":{"line":17,"column":22},"end":{"line":17,"column":null}},"4":{"start":{"line":18,"column":19},"end":{"line":18,"column":null}},"5":{"start":{"line":19,"column":19},"end":{"line":19,"column":null}},"6":{"start":{"line":21,"column":4},"end":{"line":26,"column":null}},"7":{"start":{"line":30,"column":4},"end":{"line":30,"column":null}},"8":{"start":{"line":30,"column":48},"end":{"line":30,"column":null}},"9":{"start":{"line":31,"column":14},"end":{"line":31,"column":null}},"10":{"start":{"line":32,"column":14},"end":{"line":32,"column":null}},"11":{"start":{"line":34,"column":16},"end":{"line":34,"column":null}},"12":{"start":{"line":34,"column":50},"end":{"line":34,"column":77}},"13":{"start":{"line":35,"column":4},"end":{"line":35,"column":null}},"14":{"start":{"line":37,"column":4},"end":{"line":50,"column":null}},"15":{"start":{"line":37,"column":17},"end":{"line":37,"column":20}},"16":{"start":{"line":38,"column":8},"end":{"line":49,"column":null}},"17":{"start":{"line":38,"column":21},"end":{"line":38,"column":24}},"18":{"start":{"line":39,"column":23},"end":{"line":39,"column":null}},"19":{"start":{"line":40,"column":23},"end":{"line":40,"column":null}},"20":{"start":{"line":41,"column":12},"end":{"line":41,"column":null}},"21":{"start":{"line":41,"column":28},"end":{"line":41,"column":null}},"22":{"start":{"line":43,"column":25},"end":{"line":43,"column":null}},"23":{"start":{"line":43,"column":62},"end":{"line":43,"column":95}},"24":{"start":{"line":44,"column":12},"end":{"line":48,"column":null}},"25":{"start":{"line":52,"column":4},"end":{"line":52,"column":null}},"26":{"start":{"line":62,"column":28},"end":{"line":62,"column":null}},"27":{"start":{"line":63,"column":25},"end":{"line":63,"column":null}},"28":{"start":{"line":64,"column":22},"end":{"line":64,"column":null}},"29":{"start":{"line":65,"column":16},"end":{"line":65,"column":null}},"30":{"start":{"line":66,"column":15},"end":{"line":66,"column":null}},"31":{"start":{"line":69,"column":8},"end":{"line":69,"column":null}},"32":{"start":{"line":73,"column":24},"end":{"line":73,"column":null}},"33":{"start":{"line":74,"column":8},"end":{"line":74,"column":null}},"34":{"start":{"line":74,"column":37},"end":{"line":74,"column":null}},"35":{"start":{"line":76,"column":22},"end":{"line":76,"column":null}},"36":{"start":{"line":77,"column":79},"end":{"line":77,"column":null}},"37":{"start":{"line":79,"column":8},"end":{"line":89,"column":null}},"38":{"start":{"line":80,"column":12},"end":{"line":88,"column":null}},"39":{"start":{"line":81,"column":30},"end":{"line":81,"column":null}},"40":{"start":{"line":82,"column":16},"end":{"line":87,"column":null}},"41":{"start":{"line":83,"column":20},"end":{"line":85,"column":null}},"42":{"start":{"line":84,"column":24},"end":{"line":84,"column":null}},"43":{"start":{"line":86,"column":20},"end":{"line":86,"column":null}},"44":{"start":{"line":91,"column":8},"end":{"line":97,"column":null}},"45":{"start":{"line":92,"column":30},"end":{"line":92,"column":49}},"46":{"start":{"line":93,"column":29},"end":{"line":97,"column":12}},"47":{"start":{"line":99,"column":8},"end":{"line":99,"column":null}},"48":{"start":{"line":103,"column":8},"end":{"line":103,"column":null}},"49":{"start":{"line":103,"column":31},"end":{"line":103,"column":null}},"50":{"start":{"line":105,"column":8},"end":{"line":105,"column":null}},"51":{"start":{"line":105,"column":27},"end":{"line":105,"column":null}},"52":{"start":{"line":107,"column":18},"end":{"line":107,"column":null}},"53":{"start":{"line":108,"column":8},"end":{"line":108,"column":null}},"54":{"start":{"line":109,"column":8},"end":{"line":111,"column":null}},"55":{"start":{"line":110,"column":12},"end":{"line":110,"column":null}},"56":{"start":{"line":114,"column":8},"end":{"line":134,"column":null}},"57":{"start":{"line":115,"column":28},"end":{"line":115,"column":null}},"58":{"start":{"line":116,"column":27},"end":{"line":116,"column":null}},"59":{"start":{"line":118,"column":12},"end":{"line":127,"column":null}},"60":{"start":{"line":122,"column":29},"end":{"line":122,"column":null}},"61":{"start":{"line":123,"column":16},"end":{"line":126,"column":null}},"62":{"start":{"line":124,"column":20},"end":{"line":124,"column":null}},"63":{"start":{"line":125,"column":20},"end":{"line":125,"column":null}},"64":{"start":{"line":129,"column":12},"end":{"line":133,"column":null}},"65":{"start":{"line":130,"column":16},"end":{"line":130,"column":null}},"66":{"start":{"line":131,"column":16},"end":{"line":131,"column":null}},"67":{"start":{"line":132,"column":16},"end":{"line":132,"column":null}},"68":{"start":{"line":135,"column":8},"end":{"line":135,"column":null}}},"fnMap":{"0":{"name":"euclideanDist3D","decl":{"start":{"line":5,"column":16},"end":{"line":5,"column":32}},"loc":{"start":{"line":5,"column":66},"end":{"line":11,"column":null}},"line":5},"1":{"name":"extractFeatures","decl":{"start":{"line":13,"column":16},"end":{"line":13,"column":32}},"loc":{"start":{"line":13,"column":73},"end":{"line":27,"column":null}},"line":13},"2":{"name":"computeDTW","decl":{"start":{"line":29,"column":9},"end":{"line":29,"column":20}},"loc":{"start":{"line":29,"column":64},"end":{"line":53,"column":null}},"line":29},"3":{"name":"(anonymous_3)","decl":{"start":{"line":34,"column":40},"end":{"line":34,"column":50}},"loc":{"start":{"line":34,"column":50},"end":{"line":34,"column":77}},"line":34},"4":{"name":"(anonymous_4)","decl":{"start":{"line":43,"column":38},"end":{"line":43,"column":46}},"loc":{"start":{"line":43,"column":62},"end":{"line":43,"column":95}},"line":43},"5":{"name":"(anonymous_5)","decl":{"start":{"line":68,"column":4},"end":{"line":68,"column":18}},"loc":{"start":{"line":68,"column":18},"end":{"line":70,"column":null}},"line":68},"6":{"name":"(anonymous_6)","decl":{"start":{"line":72,"column":4},"end":{"line":72,"column":20}},"loc":{"start":{"line":72,"column":20},"end":{"line":100,"column":null}},"line":72},"7":{"name":"(anonymous_7)","decl":{"start":{"line":92,"column":11},"end":{"line":92,"column":19}},"loc":{"start":{"line":92,"column":30},"end":{"line":92,"column":49}},"line":92},"8":{"name":"(anonymous_8)","decl":{"start":{"line":93,"column":11},"end":{"line":93,"column":16}},"loc":{"start":{"line":93,"column":29},"end":{"line":97,"column":12}},"line":93},"9":{"name":"(anonymous_9)","decl":{"start":{"line":102,"column":4},"end":{"line":102,"column":17}},"loc":{"start":{"line":102,"column":59},"end":{"line":136,"column":null}},"line":102}},"branchMap":{"0":{"loc":{"start":{"line":22,"column":8},"end":{"line":22,"column":null}},"type":"cond-expr","locations":[{"start":{"line":22,"column":28},"end":{"line":22,"column":63}},{"start":{"line":22,"column":63},"end":{"line":22,"column":null}}],"line":22},"1":{"loc":{"start":{"line":22,"column":8},"end":{"line":22,"column":28}},"type":"binary-expr","locations":[{"start":{"line":22,"column":8},"end":{"line":22,"column":16}},{"start":{"line":22,"column":16},"end":{"line":22,"column":28}}],"line":22},"2":{"loc":{"start":{"line":23,"column":8},"end":{"line":23,"column":null}},"type":"cond-expr","locations":[{"start":{"line":23,"column":28},"end":{"line":23,"column":63}},{"start":{"line":23,"column":63},"end":{"line":23,"column":null}}],"line":23},"3":{"loc":{"start":{"line":23,"column":8},"end":{"line":23,"column":28}},"type":"binary-expr","locations":[{"start":{"line":23,"column":8},"end":{"line":23,"column":16}},{"start":{"line":23,"column":16},"end":{"line":23,"column":28}}],"line":23},"4":{"loc":{"start":{"line":24,"column":8},"end":{"line":24,"column":null}},"type":"cond-expr","locations":[{"start":{"line":24,"column":25},"end":{"line":24,"column":57}},{"start":{"line":24,"column":57},"end":{"line":24,"column":null}}],"line":24},"5":{"loc":{"start":{"line":24,"column":8},"end":{"line":24,"column":25}},"type":"binary-expr","locations":[{"start":{"line":24,"column":8},"end":{"line":24,"column":16}},{"start":{"line":24,"column":16},"end":{"line":24,"column":25}}],"line":24},"6":{"loc":{"start":{"line":25,"column":8},"end":{"line":25,"column":null}},"type":"cond-expr","locations":[{"start":{"line":25,"column":25},"end":{"line":25,"column":57}},{"start":{"line":25,"column":57},"end":{"line":25,"column":null}}],"line":25},"7":{"loc":{"start":{"line":25,"column":8},"end":{"line":25,"column":25}},"type":"binary-expr","locations":[{"start":{"line":25,"column":8},"end":{"line":25,"column":16}},{"start":{"line":25,"column":16},"end":{"line":25,"column":25}}],"line":25},"8":{"loc":{"start":{"line":30,"column":4},"end":{"line":30,"column":null}},"type":"if","locations":[{"start":{"line":30,"column":4},"end":{"line":30,"column":null}},{"start":{},"end":{}}],"line":30},"9":{"loc":{"start":{"line":30,"column":8},"end":{"line":30,"column":48}},"type":"binary-expr","locations":[{"start":{"line":30,"column":8},"end":{"line":30,"column":29}},{"start":{"line":30,"column":29},"end":{"line":30,"column":48}}],"line":30},"10":{"loc":{"start":{"line":41,"column":12},"end":{"line":41,"column":null}},"type":"if","locations":[{"start":{"line":41,"column":12},"end":{"line":41,"column":null}},{"start":{},"end":{}}],"line":41},"11":{"loc":{"start":{"line":41,"column":16},"end":{"line":41,"column":28}},"type":"binary-expr","locations":[{"start":{"line":41,"column":16},"end":{"line":41,"column":23}},{"start":{"line":41,"column":23},"end":{"line":41,"column":28}}],"line":41},"12":{"loc":{"start":{"line":74,"column":8},"end":{"line":74,"column":null}},"type":"if","locations":[{"start":{"line":74,"column":8},"end":{"line":74,"column":null}},{"start":{},"end":{}}],"line":74},"13":{"loc":{"start":{"line":82,"column":16},"end":{"line":87,"column":null}},"type":"if","locations":[{"start":{"line":82,"column":16},"end":{"line":87,"column":null}},{"start":{},"end":{}}],"line":82},"14":{"loc":{"start":{"line":82,"column":20},"end":{"line":82,"column":82}},"type":"binary-expr","locations":[{"start":{"line":82,"column":20},"end":{"line":82,"column":51}},{"start":{"line":82,"column":51},"end":{"line":82,"column":65}},{"start":{"line":82,"column":65},"end":{"line":82,"column":82}}],"line":82},"15":{"loc":{"start":{"line":83,"column":20},"end":{"line":85,"column":null}},"type":"if","locations":[{"start":{"line":83,"column":20},"end":{"line":85,"column":null}},{"start":{},"end":{}}],"line":83},"16":{"loc":{"start":{"line":103,"column":8},"end":{"line":103,"column":null}},"type":"if","locations":[{"start":{"line":103,"column":8},"end":{"line":103,"column":null}},{"start":{},"end":{}}],"line":103},"17":{"loc":{"start":{"line":105,"column":8},"end":{"line":105,"column":null}},"type":"if","locations":[{"start":{"line":105,"column":8},"end":{"line":105,"column":null}},{"start":{},"end":{}}],"line":105},"18":{"loc":{"start":{"line":109,"column":8},"end":{"line":111,"column":null}},"type":"if","locations":[{"start":{"line":109,"column":8},"end":{"line":111,"column":null}},{"start":{},"end":{}}],"line":109},"19":{"loc":{"start":{"line":114,"column":8},"end":{"line":134,"column":null}},"type":"if","locations":[{"start":{"line":114,"column":8},"end":{"line":134,"column":null}},{"start":{},"end":{}}],"line":114},"20":{"loc":{"start":{"line":114,"column":12},"end":{"line":114,"column":90}},"type":"binary-expr","locations":[{"start":{"line":114,"column":12},"end":{"line":114,"column":40}},{"start":{"line":114,"column":40},"end":{"line":114,"column":63}},{"start":{"line":114,"column":63},"end":{"line":114,"column":90}}],"line":114},"21":{"loc":{"start":{"line":123,"column":16},"end":{"line":126,"column":null}},"type":"if","locations":[{"start":{"line":123,"column":16},"end":{"line":126,"column":null}},{"start":{},"end":{}}],"line":123},"22":{"loc":{"start":{"line":129,"column":12},"end":{"line":133,"column":null}},"type":"if","locations":[{"start":{"line":129,"column":12},"end":{"line":133,"column":null}},{"start":{},"end":{}}],"line":129},"23":{"loc":{"start":{"line":129,"column":16},"end":{"line":129,"column":56}},"type":"binary-expr","locations":[{"start":{"line":129,"column":16},"end":{"line":129,"column":29}},{"start":{"line":129,"column":29},"end":{"line":129,"column":56}}],"line":129}},"s":{"0":410,"1":103,"2":103,"3":103,"4":103,"5":103,"6":103,"7":2,"8":0,"9":2,"10":2,"11":2,"12":22,"13":2,"14":2,"15":2,"16":20,"17":20,"18":200,"19":200,"20":200,"21":0,"22":200,"23":800,"24":200,"25":20,"26":8,"27":8,"28":8,"29":8,"30":8,"31":8,"32":9,"33":9,"34":8,"35":1,"36":1,"37":1,"38":10,"39":10,"40":10,"41":10,"42":1,"43":10,"44":1,"45":1,"46":1,"47":1,"48":92,"49":1,"50":92,"51":1,"52":91,"53":91,"54":91,"55":10,"56":91,"57":2,"58":2,"59":2,"60":2,"61":2,"62":2,"63":2,"64":2,"65":2,"66":2,"67":2,"68":89},"f":{"0":410,"1":103,"2":2,"3":22,"4":800,"5":8,"6":9,"7":1,"8":1,"9":92},"b":{"0":[102,1],"1":[103,103],"2":[102,1],"3":[103,103],"4":[102,1],"5":[103,103],"6":[102,1],"7":[103,103],"8":[0,2],"9":[2,2],"10":[0,200],"11":[200,200],"12":[8,1],"13":[10,0],"14":[10,10,10],"15":[1,9],"16":[1,91],"17":[1,91],"18":[10,81],"19":[2,89],"20":[91,64,63],"21":[2,0],"22":[2,0],"23":[2,2]},"meta":{"lastBranch":24,"lastFunction":10,"lastStatement":69,"seen":{"f:5:16:5:32":0,"s:6:4:10:Infinity":0,"f:13:16:13:32":1,"s:15:17:15:Infinity":1,"s:16:22:16:Infinity":2,"s:17:22:17:Infinity":3,"s:18:19:18:Infinity":4,"s:19:19:19:Infinity":5,"s:21:4:26:Infinity":6,"b:22:28:22:63:22:63:22:Infinity":0,"b:22:8:22:16:22:16:22:28":1,"b:23:28:23:63:23:63:23:Infinity":2,"b:23:8:23:16:23:16:23:28":3,"b:24:25:24:57:24:57:24:Infinity":4,"b:24:8:24:16:24:16:24:25":5,"b:25:25:25:57:25:57:25:Infinity":6,"b:25:8:25:16:25:16:25:25":7,"f:29:9:29:20":2,"b:30:4:30:Infinity:undefined:undefined:undefined:undefined":8,"s:30:4:30:Infinity":7,"b:30:8:30:29:30:29:30:48":9,"s:30:48:30:Infinity":8,"s:31:14:31:Infinity":9,"s:32:14:32:Infinity":10,"s:34:16:34:Infinity":11,"f:34:40:34:50":3,"s:34:50:34:77":12,"s:35:4:35:Infinity":13,"s:37:4:50:Infinity":14,"s:37:17:37:20":15,"s:38:8:49:Infinity":16,"s:38:21:38:24":17,"s:39:23:39:Infinity":18,"s:40:23:40:Infinity":19,"b:41:12:41:Infinity:undefined:undefined:undefined:undefined":10,"s:41:12:41:Infinity":20,"b:41:16:41:23:41:23:41:28":11,"s:41:28:41:Infinity":21,"s:43:25:43:Infinity":22,"f:43:38:43:46":4,"s:43:62:43:95":23,"s:44:12:48:Infinity":24,"s:52:4:52:Infinity":25,"s:62:28:62:Infinity":26,"s:63:25:63:Infinity":27,"s:64:22:64:Infinity":28,"s:65:16:65:Infinity":29,"s:66:15:66:Infinity":30,"f:68:4:68:18":5,"s:69:8:69:Infinity":31,"f:72:4:72:20":6,"s:73:24:73:Infinity":32,"b:74:8:74:Infinity:undefined:undefined:undefined:undefined":12,"s:74:8:74:Infinity":33,"s:74:37:74:Infinity":34,"s:76:22:76:Infinity":35,"s:77:79:77:Infinity":36,"s:79:8:89:Infinity":37,"s:80:12:88:Infinity":38,"s:81:30:81:Infinity":39,"b:82:16:87:Infinity:undefined:undefined:undefined:undefined":13,"s:82:16:87:Infinity":40,"b:82:20:82:51:82:51:82:65:82:65:82:82":14,"b:83:20:85:Infinity:undefined:undefined:undefined:undefined":15,"s:83:20:85:Infinity":41,"s:84:24:84:Infinity":42,"s:86:20:86:Infinity":43,"s:91:8:97:Infinity":44,"f:92:11:92:19":7,"s:92:30:92:49":45,"f:93:11:93:16":8,"s:93:29:97:12":46,"s:99:8:99:Infinity":47,"f:102:4:102:17":9,"b:103:8:103:Infinity:undefined:undefined:undefined:undefined":16,"s:103:8:103:Infinity":48,"s:103:31:103:Infinity":49,"b:105:8:105:Infinity:undefined:undefined:undefined:undefined":17,"s:105:8:105:Infinity":50,"s:105:27:105:Infinity":51,"s:107:18:107:Infinity":52,"s:108:8:108:Infinity":53,"b:109:8:111:Infinity:undefined:undefined:undefined:undefined":18,"s:109:8:111:Infinity":54,"s:110:12:110:Infinity":55,"b:114:8:134:Infinity:undefined:undefined:undefined:undefined":19,"s:114:8:134:Infinity":56,"b:114:12:114:40:114:40:114:63:114:63:114:90":20,"s:115:28:115:Infinity":57,"s:116:27:116:Infinity":58,"s:118:12:127:Infinity":59,"s:122:29:122:Infinity":60,"b:123:16:126:Infinity:undefined:undefined:undefined:undefined":21,"s:123:16:126:Infinity":61,"s:124:20:124:Infinity":62,"s:125:20:125:Infinity":63,"b:129:12:133:Infinity:undefined:undefined:undefined:undefined":22,"s:129:12:133:Infinity":64,"b:129:16:129:29:129:29:129:56":23,"s:130:16:130:Infinity":65,"s:131:16:131:Infinity":66,"s:132:16:132:Infinity":67,"s:135:8:135:Infinity":68}}}
,"/home/matisse/GitHub/Human-Vector-Biome/src/server.ts": {"path":"/home/matisse/GitHub/Human-Vector-Biome/src/server.ts","statementMap":{"0":{"start":{"line":13,"column":0},"end":{"line":13,"column":null}},"1":{"start":{"line":15,"column":6},"end":{"line":15,"column":null}},"2":{"start":{"line":16,"column":0},"end":{"line":16,"column":null}},"3":{"start":{"line":17,"column":0},"end":{"line":17,"column":null}},"4":{"start":{"line":19,"column":15},"end":{"line":19,"column":null}},"5":{"start":{"line":20,"column":11},"end":{"line":25,"column":null}},"6":{"start":{"line":27,"column":13},"end":{"line":27,"column":null}},"7":{"start":{"line":28,"column":16},"end":{"line":28,"column":null}},"8":{"start":{"line":30,"column":0},"end":{"line":32,"column":null}},"9":{"start":{"line":31,"column":2},"end":{"line":31,"column":null}},"10":{"start":{"line":35,"column":19},"end":{"line":35,"column":null}},"11":{"start":{"line":38,"column":26},"end":{"line":51,"column":null}},"12":{"start":{"line":53,"column":77},"end":{"line":53,"column":null}},"13":{"start":{"line":54,"column":42},"end":{"line":54,"column":null}},"14":{"start":{"line":57,"column":15},"end":{"line":57,"column":null}},"15":{"start":{"line":58,"column":24},"end":{"line":58,"column":null}},"16":{"start":{"line":59,"column":25},"end":{"line":59,"column":null}},"17":{"start":{"line":60,"column":2},"end":{"line":60,"column":null}},"18":{"start":{"line":60,"column":50},"end":{"line":60,"column":null}},"19":{"start":{"line":62,"column":8},"end":{"line":62,"column":null}},"20":{"start":{"line":63,"column":8},"end":{"line":63,"column":null}},"21":{"start":{"line":64,"column":8},"end":{"line":64,"column":null}},"22":{"start":{"line":66,"column":13},"end":{"line":66,"column":null}},"23":{"start":{"line":67,"column":13},"end":{"line":67,"column":null}},"24":{"start":{"line":68,"column":13},"end":{"line":68,"column":null}},"25":{"start":{"line":71,"column":19},"end":{"line":71,"column":null}},"26":{"start":{"line":72,"column":19},"end":{"line":72,"column":null}},"27":{"start":{"line":73,"column":2},"end":{"line":73,"column":null}},"28":{"start":{"line":77,"column":2},"end":{"line":104,"column":null}},"29":{"start":{"line":78,"column":22},"end":{"line":78,"column":null}},"30":{"start":{"line":79,"column":4},"end":{"line":103,"column":null}},"31":{"start":{"line":80,"column":6},"end":{"line":80,"column":null}},"32":{"start":{"line":81,"column":6},"end":{"line":81,"column":null}},"33":{"start":{"line":83,"column":6},"end":{"line":102,"column":null}},"34":{"start":{"line":84,"column":8},"end":{"line":98,"column":null}},"35":{"start":{"line":85,"column":10},"end":{"line":85,"column":null}},"36":{"start":{"line":86,"column":10},"end":{"line":86,"column":null}},"37":{"start":{"line":87,"column":15},"end":{"line":98,"column":null}},"38":{"start":{"line":88,"column":10},"end":{"line":88,"column":null}},"39":{"start":{"line":89,"column":10},"end":{"line":89,"column":null}},"40":{"start":{"line":90,"column":10},"end":{"line":90,"column":null}},"41":{"start":{"line":91,"column":10},"end":{"line":95,"column":null}},"42":{"start":{"line":97,"column":10},"end":{"line":97,"column":null}},"43":{"start":{"line":100,"column":8},"end":{"line":100,"column":null}},"44":{"start":{"line":101,"column":8},"end":{"line":101,"column":null}},"45":{"start":{"line":105,"column":2},"end":{"line":105,"column":null}},"46":{"start":{"line":112,"column":2},"end":{"line":132,"column":null}},"47":{"start":{"line":114,"column":16},"end":{"line":114,"column":null}},"48":{"start":{"line":115,"column":16},"end":{"line":115,"column":null}},"49":{"start":{"line":116,"column":16},"end":{"line":116,"column":null}},"50":{"start":{"line":117,"column":22},"end":{"line":117,"column":null}},"51":{"start":{"line":119,"column":4},"end":{"line":129,"column":null}},"52":{"start":{"line":120,"column":44},"end":{"line":125,"column":null}},"53":{"start":{"line":126,"column":6},"end":{"line":126,"column":null}},"54":{"start":{"line":127,"column":6},"end":{"line":127,"column":null}},"55":{"start":{"line":128,"column":6},"end":{"line":128,"column":null}},"56":{"start":{"line":131,"column":4},"end":{"line":131,"column":null}},"57":{"start":{"line":136,"column":0},"end":{"line":136,"column":null}},"58":{"start":{"line":137,"column":0},"end":{"line":137,"column":null}},"59":{"start":{"line":144,"column":19},"end":{"line":144,"column":null}},"60":{"start":{"line":145,"column":16},"end":{"line":153,"column":null}},"61":{"start":{"line":154,"column":2},"end":{"line":159,"column":null}},"62":{"start":{"line":155,"column":4},"end":{"line":155,"column":null}},"63":{"start":{"line":156,"column":4},"end":{"line":156,"column":null}},"64":{"start":{"line":158,"column":4},"end":{"line":158,"column":null}},"65":{"start":{"line":163,"column":19},"end":{"line":163,"column":null}},"66":{"start":{"line":164,"column":2},"end":{"line":169,"column":null}},"67":{"start":{"line":165,"column":4},"end":{"line":165,"column":null}},"68":{"start":{"line":166,"column":4},"end":{"line":166,"column":null}},"69":{"start":{"line":168,"column":4},"end":{"line":168,"column":null}},"70":{"start":{"line":173,"column":19},"end":{"line":173,"column":null}},"71":{"start":{"line":174,"column":16},"end":{"line":180,"column":null}},"72":{"start":{"line":181,"column":2},"end":{"line":185,"column":null}},"73":{"start":{"line":182,"column":4},"end":{"line":182,"column":null}},"74":{"start":{"line":184,"column":4},"end":{"line":184,"column":null}},"75":{"start":{"line":194,"column":28},"end":{"line":194,"column":null}},"76":{"start":{"line":195,"column":2},"end":{"line":201,"column":null}},"77":{"start":{"line":196,"column":4},"end":{"line":196,"column":null}},"78":{"start":{"line":196,"column":45},"end":{"line":196,"column":null}},"79":{"start":{"line":197,"column":4},"end":{"line":200,"column":null}},"80":{"start":{"line":199,"column":7},"end":{"line":199,"column":null}},"81":{"start":{"line":204,"column":2},"end":{"line":221,"column":null}},"82":{"start":{"line":205,"column":4},"end":{"line":207,"column":null}},"83":{"start":{"line":206,"column":6},"end":{"line":206,"column":null}},"84":{"start":{"line":208,"column":4},"end":{"line":214,"column":null}},"85":{"start":{"line":209,"column":6},"end":{"line":209,"column":null}},"86":{"start":{"line":210,"column":11},"end":{"line":214,"column":null}},"87":{"start":{"line":211,"column":6},"end":{"line":211,"column":null}},"88":{"start":{"line":212,"column":11},"end":{"line":214,"column":null}},"89":{"start":{"line":213,"column":6},"end":{"line":213,"column":null}},"90":{"start":{"line":215,"column":4},"end":{"line":217,"column":null}},"91":{"start":{"line":216,"column":6},"end":{"line":216,"column":null}},"92":{"start":{"line":218,"column":4},"end":{"line":220,"column":null}},"93":{"start":{"line":219,"column":6},"end":{"line":219,"column":null}},"94":{"start":{"line":222,"column":2},"end":{"line":222,"column":null}},"95":{"start":{"line":225,"column":2},"end":{"line":232,"column":null}},"96":{"start":{"line":226,"column":4},"end":{"line":226,"column":null}},"97":{"start":{"line":227,"column":4},"end":{"line":231,"column":null}},"98":{"start":{"line":235,"column":2},"end":{"line":242,"column":null}},"99":{"start":{"line":236,"column":5},"end":{"line":236,"column":null}},"100":{"start":{"line":237,"column":5},"end":{"line":241,"column":null}},"101":{"start":{"line":245,"column":2},"end":{"line":252,"column":null}},"102":{"start":{"line":246,"column":4},"end":{"line":246,"column":null}},"103":{"start":{"line":247,"column":4},"end":{"line":251,"column":null}},"104":{"start":{"line":256,"column":0},"end":{"line":256,"column":null}},"105":{"start":{"line":259,"column":0},"end":{"line":320,"column":null}},"106":{"start":{"line":260,"column":22},"end":{"line":260,"column":null}},"107":{"start":{"line":261,"column":20},"end":{"line":261,"column":null}},"108":{"start":{"line":263,"column":2},"end":{"line":265,"column":null}},"109":{"start":{"line":264,"column":4},"end":{"line":264,"column":null}},"110":{"start":{"line":267,"column":2},"end":{"line":267,"column":null}},"111":{"start":{"line":270,"column":2},"end":{"line":270,"column":null}},"112":{"start":{"line":270,"column":27},"end":{"line":270,"column":null}},"113":{"start":{"line":271,"column":2},"end":{"line":271,"column":null}},"114":{"start":{"line":271,"column":27},"end":{"line":271,"column":null}},"115":{"start":{"line":272,"column":2},"end":{"line":272,"column":null}},"116":{"start":{"line":272,"column":29},"end":{"line":272,"column":null}},"117":{"start":{"line":273,"column":2},"end":{"line":273,"column":null}},"118":{"start":{"line":273,"column":33},"end":{"line":273,"column":null}},"119":{"start":{"line":274,"column":2},"end":{"line":274,"column":null}},"120":{"start":{"line":274,"column":27},"end":{"line":274,"column":null}},"121":{"start":{"line":275,"column":2},"end":{"line":275,"column":null}},"122":{"start":{"line":275,"column":26},"end":{"line":275,"column":null}},"123":{"start":{"line":276,"column":2},"end":{"line":276,"column":null}},"124":{"start":{"line":276,"column":30},"end":{"line":276,"column":null}},"125":{"start":{"line":277,"column":2},"end":{"line":277,"column":null}},"126":{"start":{"line":277,"column":26},"end":{"line":277,"column":null}},"127":{"start":{"line":278,"column":2},"end":{"line":278,"column":null}},"128":{"start":{"line":278,"column":27},"end":{"line":278,"column":null}},"129":{"start":{"line":279,"column":2},"end":{"line":311,"column":null}},"130":{"start":{"line":280,"column":4},"end":{"line":280,"column":null}},"131":{"start":{"line":281,"column":4},"end":{"line":281,"column":null}},"132":{"start":{"line":283,"column":4},"end":{"line":310,"column":null}},"133":{"start":{"line":284,"column":6},"end":{"line":284,"column":null}},"134":{"start":{"line":287,"column":6},"end":{"line":291,"column":null}},"135":{"start":{"line":293,"column":31},"end":{"line":293,"column":null}},"136":{"start":{"line":294,"column":6},"end":{"line":309,"column":null}},"137":{"start":{"line":302,"column":8},"end":{"line":306,"column":null}},"138":{"start":{"line":303,"column":10},"end":{"line":303,"column":null}},"139":{"start":{"line":305,"column":10},"end":{"line":305,"column":null}},"140":{"start":{"line":308,"column":8},"end":{"line":308,"column":null}},"141":{"start":{"line":314,"column":2},"end":{"line":314,"column":null}},"142":{"start":{"line":317,"column":2},"end":{"line":317,"column":null}},"143":{"start":{"line":319,"column":2},"end":{"line":319,"column":null}},"144":{"start":{"line":326,"column":0},"end":{"line":359,"column":null}},"145":{"start":{"line":327,"column":49},"end":{"line":327,"column":null}},"146":{"start":{"line":329,"column":2},"end":{"line":331,"column":null}},"147":{"start":{"line":330,"column":4},"end":{"line":330,"column":null}},"148":{"start":{"line":332,"column":13},"end":{"line":332,"column":null}},"149":{"start":{"line":334,"column":29},"end":{"line":340,"column":null}},"150":{"start":{"line":342,"column":2},"end":{"line":350,"column":null}},"151":{"start":{"line":343,"column":4},"end":{"line":343,"column":null}},"152":{"start":{"line":344,"column":4},"end":{"line":344,"column":null}},"153":{"start":{"line":345,"column":9},"end":{"line":350,"column":null}},"154":{"start":{"line":346,"column":4},"end":{"line":346,"column":null}},"155":{"start":{"line":347,"column":4},"end":{"line":347,"column":null}},"156":{"start":{"line":349,"column":4},"end":{"line":349,"column":null}},"157":{"start":{"line":352,"column":2},"end":{"line":352,"column":null}},"158":{"start":{"line":353,"column":2},"end":{"line":353,"column":null}},"159":{"start":{"line":353,"column":33},"end":{"line":353,"column":null}},"160":{"start":{"line":355,"column":2},"end":{"line":355,"column":null}},"161":{"start":{"line":356,"column":2},"end":{"line":356,"column":null}},"162":{"start":{"line":358,"column":2},"end":{"line":358,"column":null}},"163":{"start":{"line":362,"column":4},"end":{"line":386,"column":null}},"164":{"start":{"line":363,"column":8},"end":{"line":363,"column":null}},"165":{"start":{"line":364,"column":40},"end":{"line":370,"column":null}},"166":{"start":{"line":371,"column":8},"end":{"line":371,"column":null}},"167":{"start":{"line":372,"column":8},"end":{"line":372,"column":null}},"168":{"start":{"line":372,"column":39},"end":{"line":372,"column":null}},"169":{"start":{"line":373,"column":8},"end":{"line":373,"column":null}},"170":{"start":{"line":374,"column":11},"end":{"line":386,"column":null}},"171":{"start":{"line":375,"column":8},"end":{"line":375,"column":null}},"172":{"start":{"line":376,"column":40},"end":{"line":382,"column":null}},"173":{"start":{"line":383,"column":8},"end":{"line":383,"column":null}},"174":{"start":{"line":384,"column":8},"end":{"line":384,"column":null}},"175":{"start":{"line":384,"column":39},"end":{"line":384,"column":null}},"176":{"start":{"line":385,"column":8},"end":{"line":385,"column":null}},"177":{"start":{"line":392,"column":0},"end":{"line":452,"column":null}},"178":{"start":{"line":393,"column":2},"end":{"line":393,"column":null}},"179":{"start":{"line":395,"column":2},"end":{"line":447,"column":null}},"180":{"start":{"line":396,"column":30},"end":{"line":396,"column":null}},"181":{"start":{"line":399,"column":4},"end":{"line":416,"column":null}},"182":{"start":{"line":400,"column":8},"end":{"line":400,"column":null}},"183":{"start":{"line":403,"column":31},"end":{"line":403,"column":null}},"184":{"start":{"line":404,"column":8},"end":{"line":415,"column":null}},"185":{"start":{"line":405,"column":45},"end":{"line":411,"column":null}},"186":{"start":{"line":412,"column":13},"end":{"line":412,"column":null}},"187":{"start":{"line":413,"column":13},"end":{"line":413,"column":null}},"188":{"start":{"line":413,"column":44},"end":{"line":413,"column":null}},"189":{"start":{"line":414,"column":13},"end":{"line":414,"column":null}},"190":{"start":{"line":417,"column":4},"end":{"line":425,"column":null}},"191":{"start":{"line":418,"column":27},"end":{"line":418,"column":null}},"192":{"start":{"line":419,"column":27},"end":{"line":419,"column":null}},"193":{"start":{"line":421,"column":8},"end":{"line":421,"column":null}},"194":{"start":{"line":424,"column":8},"end":{"line":424,"column":null}},"195":{"start":{"line":426,"column":4},"end":{"line":426,"column":null}},"196":{"start":{"line":426,"column":28},"end":{"line":426,"column":null}},"197":{"start":{"line":427,"column":4},"end":{"line":427,"column":null}},"198":{"start":{"line":427,"column":29},"end":{"line":427,"column":null}},"199":{"start":{"line":428,"column":4},"end":{"line":428,"column":null}},"200":{"start":{"line":428,"column":35},"end":{"line":428,"column":null}},"201":{"start":{"line":429,"column":4},"end":{"line":429,"column":null}},"202":{"start":{"line":429,"column":29},"end":{"line":429,"column":null}},"203":{"start":{"line":430,"column":4},"end":{"line":430,"column":null}},"204":{"start":{"line":430,"column":28},"end":{"line":430,"column":null}},"205":{"start":{"line":431,"column":4},"end":{"line":431,"column":null}},"206":{"start":{"line":431,"column":32},"end":{"line":431,"column":null}},"207":{"start":{"line":432,"column":4},"end":{"line":435,"column":null}},"208":{"start":{"line":433,"column":8},"end":{"line":433,"column":null}},"209":{"start":{"line":434,"column":8},"end":{"line":434,"column":null}},"210":{"start":{"line":438,"column":4},"end":{"line":440,"column":null}},"211":{"start":{"line":439,"column":8},"end":{"line":439,"column":null}},"212":{"start":{"line":443,"column":4},"end":{"line":443,"column":null}},"213":{"start":{"line":446,"column":4},"end":{"line":446,"column":null}},"214":{"start":{"line":449,"column":2},"end":{"line":451,"column":null}},"215":{"start":{"line":450,"column":4},"end":{"line":450,"column":null}},"216":{"start":{"line":456,"column":0},"end":{"line":460,"column":null}},"217":{"start":{"line":457,"column":2},"end":{"line":459,"column":null}},"218":{"start":{"line":458,"column":4},"end":{"line":458,"column":null}}},"fnMap":{"0":{"name":"calculateNeckAngle","decl":{"start":{"line":56,"column":16},"end":{"line":56,"column":35}},"loc":{"start":{"line":56,"column":86},"end":{"line":74,"column":null}},"line":56},"1":{"name":"processPostureTelemetry","decl":{"start":{"line":76,"column":16},"end":{"line":76,"column":40}},"loc":{"start":{"line":76,"column":56},"end":{"line":106,"column":null}},"line":76},"2":{"name":"fetchLocalWeather","decl":{"start":{"line":111,"column":15},"end":{"line":111,"column":35}},"loc":{"start":{"line":111,"column":35},"end":{"line":133,"column":null}},"line":111},"3":{"name":"persistAction","decl":{"start":{"line":143,"column":9},"end":{"line":143,"column":23}},"loc":{"start":{"line":143,"column":43},"end":{"line":160,"column":null}},"line":143},"4":{"name":"persistSubjectiveLog","decl":{"start":{"line":162,"column":9},"end":{"line":162,"column":30}},"loc":{"start":{"line":162,"column":50},"end":{"line":170,"column":null}},"line":162},"5":{"name":"persistTelemetrySample","decl":{"start":{"line":172,"column":9},"end":{"line":172,"column":32}},"loc":{"start":{"line":172,"column":97},"end":{"line":186,"column":null}},"line":172},"6":{"name":"runInterventions","decl":{"start":{"line":192,"column":9},"end":{"line":192,"column":28}},"loc":{"start":{"line":192,"column":28},"end":{"line":253,"column":null}},"line":192},"7":{"name":"(anonymous_7)","decl":{"start":{"line":259,"column":9},"end":{"line":259,"column":34}},"loc":{"start":{"line":259,"column":66},"end":{"line":320,"column":1}},"line":259},"8":{"name":"(anonymous_8)","decl":{"start":{"line":301,"column":9},"end":{"line":301,"column":15}},"loc":{"start":{"line":301,"column":23},"end":{"line":307,"column":7}},"line":301},"9":{"name":"(anonymous_9)","decl":{"start":{"line":307,"column":9},"end":{"line":307,"column":16}},"loc":{"start":{"line":307,"column":24},"end":{"line":309,"column":7}},"line":307},"10":{"name":"(anonymous_10)","decl":{"start":{"line":326,"column":9},"end":{"line":326,"column":26}},"loc":{"start":{"line":326,"column":58},"end":{"line":359,"column":1}},"line":326},"11":{"name":"detectWalkingBreak","decl":{"start":{"line":361,"column":9},"end":{"line":361,"column":28}},"loc":{"start":{"line":361,"column":79},"end":{"line":387,"column":null}},"line":361},"12":{"name":"(anonymous_12)","decl":{"start":{"line":392,"column":6},"end":{"line":392,"column":21}},"loc":{"start":{"line":392,"column":40},"end":{"line":452,"column":1}},"line":392},"13":{"name":"(anonymous_13)","decl":{"start":{"line":395,"column":12},"end":{"line":395,"column":26}},"loc":{"start":{"line":395,"column":56},"end":{"line":447,"column":3}},"line":395},"14":{"name":"(anonymous_14)","decl":{"start":{"line":449,"column":12},"end":{"line":449,"column":32}},"loc":{"start":{"line":449,"column":32},"end":{"line":451,"column":3}},"line":449},"15":{"name":"(anonymous_15)","decl":{"start":{"line":457,"column":16},"end":{"line":457,"column":28}},"loc":{"start":{"line":457,"column":28},"end":{"line":459,"column":3}},"line":457}},"branchMap":{"0":{"loc":{"start":{"line":27,"column":13},"end":{"line":27,"column":null}},"type":"binary-expr","locations":[{"start":{"line":27,"column":13},"end":{"line":27,"column":33}},{"start":{"line":27,"column":33},"end":{"line":27,"column":null}}],"line":27},"1":{"loc":{"start":{"line":30,"column":0},"end":{"line":32,"column":null}},"type":"if","locations":[{"start":{"line":30,"column":0},"end":{"line":32,"column":null}},{"start":{},"end":{}}],"line":30},"2":{"loc":{"start":{"line":60,"column":2},"end":{"line":60,"column":null}},"type":"if","locations":[{"start":{"line":60,"column":2},"end":{"line":60,"column":null}},{"start":{},"end":{}}],"line":60},"3":{"loc":{"start":{"line":60,"column":6},"end":{"line":60,"column":50}},"type":"binary-expr","locations":[{"start":{"line":60,"column":6},"end":{"line":60,"column":15}},{"start":{"line":60,"column":15},"end":{"line":60,"column":33}},{"start":{"line":60,"column":33},"end":{"line":60,"column":50}}],"line":60},"4":{"loc":{"start":{"line":77,"column":2},"end":{"line":104,"column":null}},"type":"if","locations":[{"start":{"line":77,"column":2},"end":{"line":104,"column":null}},{"start":{},"end":{}}],"line":77},"5":{"loc":{"start":{"line":77,"column":6},"end":{"line":77,"column":25}},"type":"binary-expr","locations":[{"start":{"line":77,"column":6},"end":{"line":77,"column":14}},{"start":{"line":77,"column":14},"end":{"line":77,"column":25}}],"line":77},"6":{"loc":{"start":{"line":79,"column":4},"end":{"line":103,"column":null}},"type":"if","locations":[{"start":{"line":79,"column":4},"end":{"line":103,"column":null}},{"start":{},"end":{}}],"line":79},"7":{"loc":{"start":{"line":80,"column":22},"end":{"line":80,"column":null}},"type":"binary-expr","locations":[{"start":{"line":80,"column":22},"end":{"line":80,"column":39}},{"start":{"line":80,"column":39},"end":{"line":80,"column":null}}],"line":80},"8":{"loc":{"start":{"line":83,"column":6},"end":{"line":102,"column":null}},"type":"if","locations":[{"start":{"line":83,"column":6},"end":{"line":102,"column":null}},{"start":{"line":99,"column":13},"end":{"line":102,"column":null}}],"line":83},"9":{"loc":{"start":{"line":84,"column":8},"end":{"line":98,"column":null}},"type":"if","locations":[{"start":{"line":84,"column":8},"end":{"line":98,"column":null}},{"start":{"line":87,"column":15},"end":{"line":98,"column":null}}],"line":84},"10":{"loc":{"start":{"line":87,"column":15},"end":{"line":98,"column":null}},"type":"if","locations":[{"start":{"line":87,"column":15},"end":{"line":98,"column":null}},{"start":{"line":96,"column":15},"end":{"line":98,"column":null}}],"line":87},"11":{"loc":{"start":{"line":114,"column":16},"end":{"line":114,"column":null}},"type":"binary-expr","locations":[{"start":{"line":114,"column":16},"end":{"line":114,"column":43}},{"start":{"line":114,"column":43},"end":{"line":114,"column":null}}],"line":114},"12":{"loc":{"start":{"line":115,"column":16},"end":{"line":115,"column":null}},"type":"binary-expr","locations":[{"start":{"line":115,"column":16},"end":{"line":115,"column":43}},{"start":{"line":115,"column":43},"end":{"line":115,"column":null}}],"line":115},"13":{"loc":{"start":{"line":119,"column":4},"end":{"line":129,"column":null}},"type":"if","locations":[{"start":{"line":119,"column":4},"end":{"line":129,"column":null}},{"start":{},"end":{}}],"line":119},"14":{"loc":{"start":{"line":119,"column":8},"end":{"line":119,"column":38}},"type":"binary-expr","locations":[{"start":{"line":119,"column":8},"end":{"line":119,"column":16}},{"start":{"line":119,"column":16},"end":{"line":119,"column":38}}],"line":119},"15":{"loc":{"start":{"line":195,"column":2},"end":{"line":201,"column":null}},"type":"if","locations":[{"start":{"line":195,"column":2},"end":{"line":201,"column":null}},{"start":{},"end":{}}],"line":195},"16":{"loc":{"start":{"line":196,"column":4},"end":{"line":196,"column":null}},"type":"if","locations":[{"start":{"line":196,"column":4},"end":{"line":196,"column":null}},{"start":{},"end":{}}],"line":196},"17":{"loc":{"start":{"line":197,"column":4},"end":{"line":200,"column":null}},"type":"if","locations":[{"start":{"line":197,"column":4},"end":{"line":200,"column":null}},{"start":{},"end":{}}],"line":197},"18":{"loc":{"start":{"line":197,"column":8},"end":{"line":197,"column":90}},"type":"binary-expr","locations":[{"start":{"line":197,"column":8},"end":{"line":197,"column":53}},{"start":{"line":197,"column":53},"end":{"line":197,"column":90}}],"line":197},"19":{"loc":{"start":{"line":204,"column":2},"end":{"line":221,"column":null}},"type":"if","locations":[{"start":{"line":204,"column":2},"end":{"line":221,"column":null}},{"start":{},"end":{}}],"line":204},"20":{"loc":{"start":{"line":205,"column":4},"end":{"line":207,"column":null}},"type":"if","locations":[{"start":{"line":205,"column":4},"end":{"line":207,"column":null}},{"start":{},"end":{}}],"line":205},"21":{"loc":{"start":{"line":208,"column":4},"end":{"line":214,"column":null}},"type":"if","locations":[{"start":{"line":208,"column":4},"end":{"line":214,"column":null}},{"start":{"line":210,"column":11},"end":{"line":214,"column":null}}],"line":208},"22":{"loc":{"start":{"line":210,"column":11},"end":{"line":214,"column":null}},"type":"if","locations":[{"start":{"line":210,"column":11},"end":{"line":214,"column":null}},{"start":{"line":212,"column":11},"end":{"line":214,"column":null}}],"line":210},"23":{"loc":{"start":{"line":212,"column":11},"end":{"line":214,"column":null}},"type":"if","locations":[{"start":{"line":212,"column":11},"end":{"line":214,"column":null}},{"start":{},"end":{}}],"line":212},"24":{"loc":{"start":{"line":215,"column":4},"end":{"line":217,"column":null}},"type":"if","locations":[{"start":{"line":215,"column":4},"end":{"line":217,"column":null}},{"start":{},"end":{}}],"line":215},"25":{"loc":{"start":{"line":218,"column":4},"end":{"line":220,"column":null}},"type":"if","locations":[{"start":{"line":218,"column":4},"end":{"line":220,"column":null}},{"start":{},"end":{}}],"line":218},"26":{"loc":{"start":{"line":225,"column":2},"end":{"line":232,"column":null}},"type":"if","locations":[{"start":{"line":225,"column":2},"end":{"line":232,"column":null}},{"start":{},"end":{}}],"line":225},"27":{"loc":{"start":{"line":225,"column":6},"end":{"line":225,"column":67}},"type":"binary-expr","locations":[{"start":{"line":225,"column":6},"end":{"line":225,"column":20}},{"start":{"line":225,"column":20},"end":{"line":225,"column":67}}],"line":225},"28":{"loc":{"start":{"line":235,"column":2},"end":{"line":242,"column":null}},"type":"if","locations":[{"start":{"line":235,"column":2},"end":{"line":242,"column":null}},{"start":{},"end":{}}],"line":235},"29":{"loc":{"start":{"line":235,"column":6},"end":{"line":235,"column":87}},"type":"binary-expr","locations":[{"start":{"line":235,"column":6},"end":{"line":235,"column":23}},{"start":{"line":235,"column":23},"end":{"line":235,"column":87}}],"line":235},"30":{"loc":{"start":{"line":245,"column":2},"end":{"line":252,"column":null}},"type":"if","locations":[{"start":{"line":245,"column":2},"end":{"line":252,"column":null}},{"start":{},"end":{}}],"line":245},"31":{"loc":{"start":{"line":245,"column":6},"end":{"line":245,"column":77}},"type":"binary-expr","locations":[{"start":{"line":245,"column":6},"end":{"line":245,"column":27}},{"start":{"line":245,"column":27},"end":{"line":245,"column":77}}],"line":245},"32":{"loc":{"start":{"line":263,"column":2},"end":{"line":265,"column":null}},"type":"if","locations":[{"start":{"line":263,"column":2},"end":{"line":265,"column":null}},{"start":{},"end":{}}],"line":263},"33":{"loc":{"start":{"line":263,"column":6},"end":{"line":263,"column":57}},"type":"binary-expr","locations":[{"start":{"line":263,"column":6},"end":{"line":263,"column":20}},{"start":{"line":263,"column":20},"end":{"line":263,"column":57}}],"line":263},"34":{"loc":{"start":{"line":270,"column":2},"end":{"line":270,"column":null}},"type":"if","locations":[{"start":{"line":270,"column":2},"end":{"line":270,"column":null}},{"start":{},"end":{}}],"line":270},"35":{"loc":{"start":{"line":271,"column":2},"end":{"line":271,"column":null}},"type":"if","locations":[{"start":{"line":271,"column":2},"end":{"line":271,"column":null}},{"start":{},"end":{}}],"line":271},"36":{"loc":{"start":{"line":272,"column":2},"end":{"line":272,"column":null}},"type":"if","locations":[{"start":{"line":272,"column":2},"end":{"line":272,"column":null}},{"start":{},"end":{}}],"line":272},"37":{"loc":{"start":{"line":273,"column":2},"end":{"line":273,"column":null}},"type":"if","locations":[{"start":{"line":273,"column":2},"end":{"line":273,"column":null}},{"start":{},"end":{}}],"line":273},"38":{"loc":{"start":{"line":274,"column":2},"end":{"line":274,"column":null}},"type":"if","locations":[{"start":{"line":274,"column":2},"end":{"line":274,"column":null}},{"start":{},"end":{}}],"line":274},"39":{"loc":{"start":{"line":275,"column":2},"end":{"line":275,"column":null}},"type":"if","locations":[{"start":{"line":275,"column":2},"end":{"line":275,"column":null}},{"start":{},"end":{}}],"line":275},"40":{"loc":{"start":{"line":276,"column":2},"end":{"line":276,"column":null}},"type":"if","locations":[{"start":{"line":276,"column":2},"end":{"line":276,"column":null}},{"start":{},"end":{}}],"line":276},"41":{"loc":{"start":{"line":277,"column":2},"end":{"line":277,"column":null}},"type":"if","locations":[{"start":{"line":277,"column":2},"end":{"line":277,"column":null}},{"start":{},"end":{}}],"line":277},"42":{"loc":{"start":{"line":278,"column":2},"end":{"line":278,"column":null}},"type":"if","locations":[{"start":{"line":278,"column":2},"end":{"line":278,"column":null}},{"start":{},"end":{}}],"line":278},"43":{"loc":{"start":{"line":279,"column":2},"end":{"line":311,"column":null}},"type":"if","locations":[{"start":{"line":279,"column":2},"end":{"line":311,"column":null}},{"start":{},"end":{}}],"line":279},"44":{"loc":{"start":{"line":283,"column":4},"end":{"line":310,"column":null}},"type":"if","locations":[{"start":{"line":283,"column":4},"end":{"line":310,"column":null}},{"start":{},"end":{}}],"line":283},"45":{"loc":{"start":{"line":293,"column":31},"end":{"line":293,"column":null}},"type":"binary-expr","locations":[{"start":{"line":293,"column":31},"end":{"line":293,"column":65}},{"start":{"line":293,"column":65},"end":{"line":293,"column":null}}],"line":293},"46":{"loc":{"start":{"line":302,"column":8},"end":{"line":306,"column":null}},"type":"if","locations":[{"start":{"line":302,"column":8},"end":{"line":306,"column":null}},{"start":{"line":304,"column":15},"end":{"line":306,"column":null}}],"line":302},"47":{"loc":{"start":{"line":327,"column":23},"end":{"line":327,"column":49}},"type":"default-arg","locations":[{"start":{"line":327,"column":33},"end":{"line":327,"column":49}}],"line":327},"48":{"loc":{"start":{"line":329,"column":2},"end":{"line":331,"column":null}},"type":"if","locations":[{"start":{"line":329,"column":2},"end":{"line":331,"column":null}},{"start":{},"end":{}}],"line":329},"49":{"loc":{"start":{"line":329,"column":6},"end":{"line":329,"column":23}},"type":"binary-expr","locations":[{"start":{"line":329,"column":6},"end":{"line":329,"column":16}},{"start":{"line":329,"column":16},"end":{"line":329,"column":23}}],"line":329},"50":{"loc":{"start":{"line":342,"column":2},"end":{"line":350,"column":null}},"type":"if","locations":[{"start":{"line":342,"column":2},"end":{"line":350,"column":null}},{"start":{"line":345,"column":9},"end":{"line":350,"column":null}}],"line":342},"51":{"loc":{"start":{"line":345,"column":9},"end":{"line":350,"column":null}},"type":"if","locations":[{"start":{"line":345,"column":9},"end":{"line":350,"column":null}},{"start":{},"end":{}}],"line":345},"52":{"loc":{"start":{"line":353,"column":2},"end":{"line":353,"column":null}},"type":"if","locations":[{"start":{"line":353,"column":2},"end":{"line":353,"column":null}},{"start":{},"end":{}}],"line":353},"53":{"loc":{"start":{"line":362,"column":4},"end":{"line":386,"column":null}},"type":"if","locations":[{"start":{"line":362,"column":4},"end":{"line":386,"column":null}},{"start":{"line":374,"column":11},"end":{"line":386,"column":null}}],"line":362},"54":{"loc":{"start":{"line":362,"column":8},"end":{"line":362,"column":64}},"type":"binary-expr","locations":[{"start":{"line":362,"column":8},"end":{"line":362,"column":39}},{"start":{"line":362,"column":39},"end":{"line":362,"column":64}}],"line":362},"55":{"loc":{"start":{"line":372,"column":8},"end":{"line":372,"column":null}},"type":"if","locations":[{"start":{"line":372,"column":8},"end":{"line":372,"column":null}},{"start":{},"end":{}}],"line":372},"56":{"loc":{"start":{"line":374,"column":11},"end":{"line":386,"column":null}},"type":"if","locations":[{"start":{"line":374,"column":11},"end":{"line":386,"column":null}},{"start":{},"end":{}}],"line":374},"57":{"loc":{"start":{"line":374,"column":15},"end":{"line":374,"column":71}},"type":"binary-expr","locations":[{"start":{"line":374,"column":15},"end":{"line":374,"column":43}},{"start":{"line":374,"column":43},"end":{"line":374,"column":71}}],"line":374},"58":{"loc":{"start":{"line":384,"column":8},"end":{"line":384,"column":null}},"type":"if","locations":[{"start":{"line":384,"column":8},"end":{"line":384,"column":null}},{"start":{},"end":{}}],"line":384},"59":{"loc":{"start":{"line":399,"column":4},"end":{"line":416,"column":null}},"type":"if","locations":[{"start":{"line":399,"column":4},"end":{"line":416,"column":null}},{"start":{},"end":{}}],"line":399},"60":{"loc":{"start":{"line":404,"column":8},"end":{"line":415,"column":null}},"type":"if","locations":[{"start":{"line":404,"column":8},"end":{"line":415,"column":null}},{"start":{},"end":{}}],"line":404},"61":{"loc":{"start":{"line":413,"column":13},"end":{"line":413,"column":null}},"type":"if","locations":[{"start":{"line":413,"column":13},"end":{"line":413,"column":null}},{"start":{},"end":{}}],"line":413},"62":{"loc":{"start":{"line":417,"column":4},"end":{"line":425,"column":null}},"type":"if","locations":[{"start":{"line":417,"column":4},"end":{"line":425,"column":null}},{"start":{},"end":{}}],"line":417},"63":{"loc":{"start":{"line":426,"column":4},"end":{"line":426,"column":null}},"type":"if","locations":[{"start":{"line":426,"column":4},"end":{"line":426,"column":null}},{"start":{},"end":{}}],"line":426},"64":{"loc":{"start":{"line":427,"column":4},"end":{"line":427,"column":null}},"type":"if","locations":[{"start":{"line":427,"column":4},"end":{"line":427,"column":null}},{"start":{},"end":{}}],"line":427},"65":{"loc":{"start":{"line":428,"column":4},"end":{"line":428,"column":null}},"type":"if","locations":[{"start":{"line":428,"column":4},"end":{"line":428,"column":null}},{"start":{},"end":{}}],"line":428},"66":{"loc":{"start":{"line":429,"column":4},"end":{"line":429,"column":null}},"type":"if","locations":[{"start":{"line":429,"column":4},"end":{"line":429,"column":null}},{"start":{},"end":{}}],"line":429},"67":{"loc":{"start":{"line":430,"column":4},"end":{"line":430,"column":null}},"type":"if","locations":[{"start":{"line":430,"column":4},"end":{"line":430,"column":null}},{"start":{},"end":{}}],"line":430},"68":{"loc":{"start":{"line":431,"column":4},"end":{"line":431,"column":null}},"type":"if","locations":[{"start":{"line":431,"column":4},"end":{"line":431,"column":null}},{"start":{},"end":{}}],"line":431},"69":{"loc":{"start":{"line":432,"column":4},"end":{"line":435,"column":null}},"type":"if","locations":[{"start":{"line":432,"column":4},"end":{"line":435,"column":null}},{"start":{},"end":{}}],"line":432},"70":{"loc":{"start":{"line":438,"column":4},"end":{"line":440,"column":null}},"type":"if","locations":[{"start":{"line":438,"column":4},"end":{"line":440,"column":null}},{"start":{},"end":{}}],"line":438},"71":{"loc":{"start":{"line":438,"column":8},"end":{"line":438,"column":76}},"type":"binary-expr","locations":[{"start":{"line":438,"column":8},"end":{"line":438,"column":25}},{"start":{"line":438,"column":25},"end":{"line":438,"column":76}}],"line":438},"72":{"loc":{"start":{"line":456,"column":0},"end":{"line":460,"column":null}},"type":"if","locations":[{"start":{"line":456,"column":0},"end":{"line":460,"column":null}},{"start":{},"end":{}}],"line":456}},"s":{"0":2,"1":2,"2":2,"3":2,"4":2,"5":2,"6":2,"7":2,"8":2,"9":0,"10":2,"11":2,"12":2,"13":2,"14":12,"15":12,"16":12,"17":12,"18":2,"19":10,"20":10,"21":10,"22":10,"23":10,"24":10,"25":10,"26":10,"27":10,"28":9,"29":8,"30":8,"31":8,"32":8,"33":8,"34":4,"35":2,"36":2,"37":2,"38":1,"39":1,"40":1,"41":1,"42":1,"43":4,"44":4,"45":9,"46":2,"47":2,"48":2,"49":2,"50":0,"51":0,"52":0,"53":0,"54":0,"55":0,"56":0,"57":2,"58":2,"59":61,"60":61,"61":61,"62":61,"63":61,"64":0,"65":3,"66":3,"67":3,"68":3,"69":0,"70":0,"71":0,"72":0,"73":0,"74":0,"75":19,"76":19,"77":1,"78":1,"79":1,"80":0,"81":19,"82":4,"83":1,"84":4,"85":0,"86":4,"87":1,"88":3,"89":2,"90":4,"91":0,"92":4,"93":0,"94":19,"95":19,"96":3,"97":3,"98":19,"99":1,"100":1,"101":19,"102":1,"103":1,"104":2,"105":2,"106":20,"107":20,"108":20,"109":1,"110":19,"111":19,"112":1,"113":19,"114":19,"115":19,"116":19,"117":19,"118":2,"119":19,"120":0,"121":19,"122":0,"123":19,"124":0,"125":19,"126":3,"127":19,"128":0,"129":19,"130":3,"131":3,"132":3,"133":2,"134":2,"135":2,"136":2,"137":2,"138":2,"139":0,"140":0,"141":19,"142":19,"143":19,"144":2,"145":62,"146":62,"147":1,"148":61,"149":61,"150":61,"151":1,"152":1,"153":60,"154":0,"155":0,"156":0,"157":61,"158":61,"159":10,"160":61,"161":61,"162":61,"163":0,"164":0,"165":0,"166":0,"167":0,"168":0,"169":0,"170":0,"171":0,"172":0,"173":0,"174":0,"175":0,"176":0,"177":2,"178":0,"179":0,"180":0,"181":0,"182":0,"183":0,"184":0,"185":0,"186":0,"187":0,"188":0,"189":0,"190":0,"191":0,"192":0,"193":0,"194":0,"195":0,"196":0,"197":0,"198":0,"199":0,"200":0,"201":0,"202":0,"203":0,"204":0,"205":0,"206":0,"207":0,"208":0,"209":0,"210":0,"211":0,"212":0,"213":0,"214":0,"215":0,"216":2,"217":0,"218":0},"f":{"0":12,"1":9,"2":2,"3":61,"4":3,"5":0,"6":19,"7":20,"8":2,"9":0,"10":62,"11":0,"12":0,"13":0,"14":0,"15":0},"b":{"0":[2,2],"1":[0,2],"2":[2,10],"3":[12,11,10],"4":[8,1],"5":[9,9],"6":[8,0],"7":[8,0],"8":[4,4],"9":[2,2],"10":[1,1],"11":[2,2],"12":[2,2],"13":[0,0],"14":[0,0],"15":[1,18],"16":[1,0],"17":[0,1],"18":[1,0],"19":[4,15],"20":[1,3],"21":[0,4],"22":[1,3],"23":[2,1],"24":[0,4],"25":[0,4],"26":[3,16],"27":[19,4],"28":[1,18],"29":[19,9],"30":[1,18],"31":[19,2],"32":[1,19],"33":[20,20],"34":[1,18],"35":[1,18],"36":[9,10],"37":[2,17],"38":[0,19],"39":[0,19],"40":[0,19],"41":[3,16],"42":[0,19],"43":[3,16],"44":[2,1],"45":[2,2],"46":[2,0],"47":[62],"48":[1,61],"49":[62,62],"50":[1,60],"51":[0,60],"52":[10,51],"53":[0,0],"54":[0,0],"55":[0,0],"56":[0,0],"57":[0,0],"58":[0,0],"59":[0,0],"60":[0,0],"61":[0,0],"62":[0,0],"63":[0,0],"64":[0,0],"65":[0,0],"66":[0,0],"67":[0,0],"68":[0,0],"69":[0,0],"70":[0,0],"71":[0,0],"72":[0,2]},"meta":{"lastBranch":73,"lastFunction":16,"lastStatement":219,"seen":{"s:13:0:13:Infinity":0,"s:15:6:15:Infinity":1,"s:16:0:16:Infinity":2,"s:17:0:17:Infinity":3,"s:19:15:19:Infinity":4,"s:20:11:25:Infinity":5,"s:27:13:27:Infinity":6,"b:27:13:27:33:27:33:27:Infinity":0,"s:28:16:28:Infinity":7,"b:30:0:32:Infinity:undefined:undefined:undefined:undefined":1,"s:30:0:32:Infinity":8,"s:31:2:31:Infinity":9,"s:35:19:35:Infinity":10,"s:38:26:51:Infinity":11,"s:53:77:53:Infinity":12,"s:54:42:54:Infinity":13,"f:56:16:56:35":0,"s:57:15:57:Infinity":14,"s:58:24:58:Infinity":15,"s:59:25:59:Infinity":16,"b:60:2:60:Infinity:undefined:undefined:undefined:undefined":2,"s:60:2:60:Infinity":17,"b:60:6:60:15:60:15:60:33:60:33:60:50":3,"s:60:50:60:Infinity":18,"s:62:8:62:Infinity":19,"s:63:8:63:Infinity":20,"s:64:8:64:Infinity":21,"s:66:13:66:Infinity":22,"s:67:13:67:Infinity":23,"s:68:13:68:Infinity":24,"s:71:19:71:Infinity":25,"s:72:19:72:Infinity":26,"s:73:2:73:Infinity":27,"f:76:16:76:40":1,"b:77:2:104:Infinity:undefined:undefined:undefined:undefined":4,"s:77:2:104:Infinity":28,"b:77:6:77:14:77:14:77:25":5,"s:78:22:78:Infinity":29,"b:79:4:103:Infinity:undefined:undefined:undefined:undefined":6,"s:79:4:103:Infinity":30,"s:80:6:80:Infinity":31,"b:80:22:80:39:80:39:80:Infinity":7,"s:81:6:81:Infinity":32,"b:83:6:102:Infinity:99:13:102:Infinity":8,"s:83:6:102:Infinity":33,"b:84:8:98:Infinity:87:15:98:Infinity":9,"s:84:8:98:Infinity":34,"s:85:10:85:Infinity":35,"s:86:10:86:Infinity":36,"b:87:15:98:Infinity:96:15:98:Infinity":10,"s:87:15:98:Infinity":37,"s:88:10:88:Infinity":38,"s:89:10:89:Infinity":39,"s:90:10:90:Infinity":40,"s:91:10:95:Infinity":41,"s:97:10:97:Infinity":42,"s:100:8:100:Infinity":43,"s:101:8:101:Infinity":44,"s:105:2:105:Infinity":45,"f:111:15:111:35":2,"s:112:2:132:Infinity":46,"s:114:16:114:Infinity":47,"b:114:16:114:43:114:43:114:Infinity":11,"s:115:16:115:Infinity":48,"b:115:16:115:43:115:43:115:Infinity":12,"s:116:16:116:Infinity":49,"s:117:22:117:Infinity":50,"b:119:4:129:Infinity:undefined:undefined:undefined:undefined":13,"s:119:4:129:Infinity":51,"b:119:8:119:16:119:16:119:38":14,"s:120:44:125:Infinity":52,"s:126:6:126:Infinity":53,"s:127:6:127:Infinity":54,"s:128:6:128:Infinity":55,"s:131:4:131:Infinity":56,"s:136:0:136:Infinity":57,"s:137:0:137:Infinity":58,"f:143:9:143:23":3,"s:144:19:144:Infinity":59,"s:145:16:153:Infinity":60,"s:154:2:159:Infinity":61,"s:155:4:155:Infinity":62,"s:156:4:156:Infinity":63,"s:158:4:158:Infinity":64,"f:162:9:162:30":4,"s:163:19:163:Infinity":65,"s:164:2:169:Infinity":66,"s:165:4:165:Infinity":67,"s:166:4:166:Infinity":68,"s:168:4:168:Infinity":69,"f:172:9:172:32":5,"s:173:19:173:Infinity":70,"s:174:16:180:Infinity":71,"s:181:2:185:Infinity":72,"s:182:4:182:Infinity":73,"s:184:4:184:Infinity":74,"f:192:9:192:28":6,"s:194:28:194:Infinity":75,"b:195:2:201:Infinity:undefined:undefined:undefined:undefined":15,"s:195:2:201:Infinity":76,"b:196:4:196:Infinity:undefined:undefined:undefined:undefined":16,"s:196:4:196:Infinity":77,"s:196:45:196:Infinity":78,"b:197:4:200:Infinity:undefined:undefined:undefined:undefined":17,"s:197:4:200:Infinity":79,"b:197:8:197:53:197:53:197:90":18,"s:199:7:199:Infinity":80,"b:204:2:221:Infinity:undefined:undefined:undefined:undefined":19,"s:204:2:221:Infinity":81,"b:205:4:207:Infinity:undefined:undefined:undefined:undefined":20,"s:205:4:207:Infinity":82,"s:206:6:206:Infinity":83,"b:208:4:214:Infinity:210:11:214:Infinity":21,"s:208:4:214:Infinity":84,"s:209:6:209:Infinity":85,"b:210:11:214:Infinity:212:11:214:Infinity":22,"s:210:11:214:Infinity":86,"s:211:6:211:Infinity":87,"b:212:11:214:Infinity:undefined:undefined:undefined:undefined":23,"s:212:11:214:Infinity":88,"s:213:6:213:Infinity":89,"b:215:4:217:Infinity:undefined:undefined:undefined:undefined":24,"s:215:4:217:Infinity":90,"s:216:6:216:Infinity":91,"b:218:4:220:Infinity:undefined:undefined:undefined:undefined":25,"s:218:4:220:Infinity":92,"s:219:6:219:Infinity":93,"s:222:2:222:Infinity":94,"b:225:2:232:Infinity:undefined:undefined:undefined:undefined":26,"s:225:2:232:Infinity":95,"b:225:6:225:20:225:20:225:67":27,"s:226:4:226:Infinity":96,"s:227:4:231:Infinity":97,"b:235:2:242:Infinity:undefined:undefined:undefined:undefined":28,"s:235:2:242:Infinity":98,"b:235:6:235:23:235:23:235:87":29,"s:236:5:236:Infinity":99,"s:237:5:241:Infinity":100,"b:245:2:252:Infinity:undefined:undefined:undefined:undefined":30,"s:245:2:252:Infinity":101,"b:245:6:245:27:245:27:245:77":31,"s:246:4:246:Infinity":102,"s:247:4:251:Infinity":103,"s:256:0:256:Infinity":104,"s:259:0:320:Infinity":105,"f:259:9:259:34":7,"s:260:22:260:Infinity":106,"s:261:20:261:Infinity":107,"b:263:2:265:Infinity:undefined:undefined:undefined:undefined":32,"s:263:2:265:Infinity":108,"b:263:6:263:20:263:20:263:57":33,"s:264:4:264:Infinity":109,"s:267:2:267:Infinity":110,"b:270:2:270:Infinity:undefined:undefined:undefined:undefined":34,"s:270:2:270:Infinity":111,"s:270:27:270:Infinity":112,"b:271:2:271:Infinity:undefined:undefined:undefined:undefined":35,"s:271:2:271:Infinity":113,"s:271:27:271:Infinity":114,"b:272:2:272:Infinity:undefined:undefined:undefined:undefined":36,"s:272:2:272:Infinity":115,"s:272:29:272:Infinity":116,"b:273:2:273:Infinity:undefined:undefined:undefined:undefined":37,"s:273:2:273:Infinity":117,"s:273:33:273:Infinity":118,"b:274:2:274:Infinity:undefined:undefined:undefined:undefined":38,"s:274:2:274:Infinity":119,"s:274:27:274:Infinity":120,"b:275:2:275:Infinity:undefined:undefined:undefined:undefined":39,"s:275:2:275:Infinity":121,"s:275:26:275:Infinity":122,"b:276:2:276:Infinity:undefined:undefined:undefined:undefined":40,"s:276:2:276:Infinity":123,"s:276:30:276:Infinity":124,"b:277:2:277:Infinity:undefined:undefined:undefined:undefined":41,"s:277:2:277:Infinity":125,"s:277:26:277:Infinity":126,"b:278:2:278:Infinity:undefined:undefined:undefined:undefined":42,"s:278:2:278:Infinity":127,"s:278:27:278:Infinity":128,"b:279:2:311:Infinity:undefined:undefined:undefined:undefined":43,"s:279:2:311:Infinity":129,"s:280:4:280:Infinity":130,"s:281:4:281:Infinity":131,"b:283:4:310:Infinity:undefined:undefined:undefined:undefined":44,"s:283:4:310:Infinity":132,"s:284:6:284:Infinity":133,"s:287:6:291:Infinity":134,"s:293:31:293:Infinity":135,"b:293:31:293:65:293:65:293:Infinity":45,"s:294:6:309:Infinity":136,"f:301:9:301:15":8,"b:302:8:306:Infinity:304:15:306:Infinity":46,"s:302:8:306:Infinity":137,"s:303:10:303:Infinity":138,"s:305:10:305:Infinity":139,"f:307:9:307:16":9,"s:308:8:308:Infinity":140,"s:314:2:314:Infinity":141,"s:317:2:317:Infinity":142,"s:319:2:319:Infinity":143,"s:326:0:359:Infinity":144,"f:326:9:326:26":10,"s:327:49:327:Infinity":145,"b:327:33:327:49":47,"b:329:2:331:Infinity:undefined:undefined:undefined:undefined":48,"s:329:2:331:Infinity":146,"b:329:6:329:16:329:16:329:23":49,"s:330:4:330:Infinity":147,"s:332:13:332:Infinity":148,"s:334:29:340:Infinity":149,"b:342:2:350:Infinity:345:9:350:Infinity":50,"s:342:2:350:Infinity":150,"s:343:4:343:Infinity":151,"s:344:4:344:Infinity":152,"b:345:9:350:Infinity:undefined:undefined:undefined:undefined":51,"s:345:9:350:Infinity":153,"s:346:4:346:Infinity":154,"s:347:4:347:Infinity":155,"s:349:4:349:Infinity":156,"s:352:2:352:Infinity":157,"b:353:2:353:Infinity:undefined:undefined:undefined:undefined":52,"s:353:2:353:Infinity":158,"s:353:33:353:Infinity":159,"s:355:2:355:Infinity":160,"s:356:2:356:Infinity":161,"s:358:2:358:Infinity":162,"f:361:9:361:28":11,"b:362:4:386:Infinity:374:11:386:Infinity":53,"s:362:4:386:Infinity":163,"b:362:8:362:39:362:39:362:64":54,"s:363:8:363:Infinity":164,"s:364:40:370:Infinity":165,"s:371:8:371:Infinity":166,"b:372:8:372:Infinity:undefined:undefined:undefined:undefined":55,"s:372:8:372:Infinity":167,"s:372:39:372:Infinity":168,"s:373:8:373:Infinity":169,"b:374:11:386:Infinity:undefined:undefined:undefined:undefined":56,"s:374:11:386:Infinity":170,"b:374:15:374:43:374:43:374:71":57,"s:375:8:375:Infinity":171,"s:376:40:382:Infinity":172,"s:383:8:383:Infinity":173,"b:384:8:384:Infinity:undefined:undefined:undefined:undefined":58,"s:384:8:384:Infinity":174,"s:384:39:384:Infinity":175,"s:385:8:385:Infinity":176,"s:392:0:452:Infinity":177,"f:392:6:392:21":12,"s:393:2:393:Infinity":178,"s:395:2:447:Infinity":179,"f:395:12:395:26":13,"s:396:30:396:Infinity":180,"b:399:4:416:Infinity:undefined:undefined:undefined:undefined":59,"s:399:4:416:Infinity":181,"s:400:8:400:Infinity":182,"s:403:31:403:Infinity":183,"b:404:8:415:Infinity:undefined:undefined:undefined:undefined":60,"s:404:8:415:Infinity":184,"s:405:45:411:Infinity":185,"s:412:13:412:Infinity":186,"b:413:13:413:Infinity:undefined:undefined:undefined:undefined":61,"s:413:13:413:Infinity":187,"s:413:44:413:Infinity":188,"s:414:13:414:Infinity":189,"b:417:4:425:Infinity:undefined:undefined:undefined:undefined":62,"s:417:4:425:Infinity":190,"s:418:27:418:Infinity":191,"s:419:27:419:Infinity":192,"s:421:8:421:Infinity":193,"s:424:8:424:Infinity":194,"b:426:4:426:Infinity:undefined:undefined:undefined:undefined":63,"s:426:4:426:Infinity":195,"s:426:28:426:Infinity":196,"b:427:4:427:Infinity:undefined:undefined:undefined:undefined":64,"s:427:4:427:Infinity":197,"s:427:29:427:Infinity":198,"b:428:4:428:Infinity:undefined:undefined:undefined:undefined":65,"s:428:4:428:Infinity":199,"s:428:35:428:Infinity":200,"b:429:4:429:Infinity:undefined:undefined:undefined:undefined":66,"s:429:4:429:Infinity":201,"s:429:29:429:Infinity":202,"b:430:4:430:Infinity:undefined:undefined:undefined:undefined":67,"s:430:4:430:Infinity":203,"s:430:28:430:Infinity":204,"b:431:4:431:Infinity:undefined:undefined:undefined:undefined":68,"s:431:4:431:Infinity":205,"s:431:32:431:Infinity":206,"b:432:4:435:Infinity:undefined:undefined:undefined:undefined":69,"s:432:4:435:Infinity":207,"s:433:8:433:Infinity":208,"s:434:8:434:Infinity":209,"b:438:4:440:Infinity:undefined:undefined:undefined:undefined":70,"s:438:4:440:Infinity":210,"b:438:8:438:25:438:25:438:76":71,"s:439:8:439:Infinity":211,"s:443:4:443:Infinity":212,"s:446:4:446:Infinity":213,"s:449:2:451:Infinity":214,"f:449:12:449:32":14,"s:450:4:450:Infinity":215,"b:456:0:460:Infinity:undefined:undefined:undefined:undefined":72,"s:456:0:460:Infinity":216,"s:457:2:459:Infinity":217,"f:457:16:457:28":15,"s:458:4:458:Infinity":218}}}
}
